c:\users\fur__\desktop\collect\collect\collect\collect.pch
c:\users\fur__\desktop\collect\collect\collect\vc143.pdb
c:\users\fur__\desktop\collect\collect\collect\pch.obj
c:\users\fur__\desktop\collect\collect\collect\process.obj
c:\users\fur__\desktop\collect\collect\collect\network.obj
c:\users\fur__\desktop\collect\collect\collect\form1.obj
c:\users\fur__\desktop\collect\collect\collect\cppclr_winformsprojekt.obj
c:\users\fur__\desktop\collect\collect\collect\assemblyinfo.obj
c:\users\fur__\desktop\collect\collect\collect\.netframework,version=v4.7.2.assemblyattributes.obj
c:\users\fur__\desktop\collect\collect\collect\collect.tlog\metagen.write.1.tlog
c:\users\fur__\desktop\collect\collect\x64\debug\collect.exe
c:\users\fur__\desktop\collect\collect\collect\collect.vcxproj.assemblyreference.cache
c:\users\fur__\desktop\collect\collect\collect\collect.tlog\cl.command.1.tlog
c:\users\fur__\desktop\collect\collect\collect\collect.tlog\cl.read.1.tlog
c:\users\fur__\desktop\collect\collect\collect\collect.tlog\cl.write.1.tlog
c:\users\fur__\desktop\collect\collect\collect\collect.tlog\metagen.read.1.tlog
c:\users\fur__\desktop\collect\collect\collect\collect.tlog\resgen.command.1.tlog
c:\users\fur__\desktop\collect\collect\collect\collect.tlog\resgen.read.1.tlog
c:\users\fur__\desktop\collect\collect\collect\collect.tlog\resgen.write.1.tlog
c:\users\fur__\desktop\collect\collect\collect\collect.tlog\system.data.dll.metagen
c:\users\fur__\desktop\collect\collect\collect\collect.tlog\system.dll.metagen
c:\users\fur__\desktop\collect\collect\collect\collect.tlog\system.drawing.dll.metagen
c:\users\fur__\desktop\collect\collect\collect\collect.tlog\system.windows.forms.datavisualization.dll.metagen
c:\users\fur__\desktop\collect\collect\collect\collect.tlog\system.windows.forms.dll.metagen
c:\users\fur__\desktop\collect\collect\collect\collect.tlog\system.xml.dll.metagen
c:\users\fur__\desktop\collect\collect\collect\collect.tlog\clui.dll.bi
